Running Sphinx v2.2.0
loading pickled environment... checking bibtex cache... up to date
done
building [mo]: targets for 0 po files that are out of date
building [html]: targets for 1 source files that are out of date
updating environment: 0 added, 1 changed, 0 removed
reading sources... [100%] overview/general_workflow

looking for now-outdated files... none found
pickling environment... done
checking consistency... /home/yan/programs/gridmaker/doc_sphinx/_orgsrc/index.rst: WARNING: document isn't included in any toctree
done
preparing documents... done
writing output... [ 50%] index
writing output... [100%] overview/general_workflow

generating indices...  genindexdone
writing additional pages...  searchdone
copying static files... ... done
copying extra files... done
dumping search index in English (code: en)... done
dumping object inventory... done
build succeeded, 1 warning.

The HTML pages are in _build/html.
